HTTP.ExceptionRequest.StatusError(403, "GET", "/dataset/f4f86e54-872d-43f8-8a86-3892fd3cb5e6/resource/ed270bb8-340b-41f9-a7c6-e8ef587e6d11/download/covidtesting.csv", HTTP.Messages.Response:
"""
HTTP/1.1 403 Forbidden
Date: Sat, 13 Jan 2024 15:35:13 GMT
Content-Type: text/html
Content-Length: 1261
Connection: close
Cache-Control: no-store
x-azure-ref: 20240113T153513Z-c2wsskshat7zm6tr61910rfb8400000001fg000000002h9e
X-Cache: CONFIG_NOCACHE

<!DOCTYPE html PUBLIC '-//W3C//DTD XHTML 1.0 Transitional//EN' 'http://www.w3.org/TR/xhtml1/DTD/xhtml1-transitional.dtd'>
<html xmlns='http://www.w3.org/1999/xhtml'>

<head>
    <meta content='text/html; charset=utf-8' http-equiv='content-type' />
    <style type='text/css'>
        body {
            font-family: Arial;
            margin-left: 40px;
        }

        img {
            border: 0 none;
        }

        #content {
            margin-left: auto;
            margin-right: auto
        }

        #message h2 {
            font-size: 20px;
            font-weight: normal;
            color: #000000;
            margin: 34px 0px 0px 0px
        }

        #message p {
            font-size: 13px;
            color: #000000;
            margin: 7px 0px 0px0px
        }

        #errorref {
            font-size: 11px;
            color: #737373;
            margin-top: 41px
        }
    </style>
    <title>Service unavailable</title>
</head>

<body>
    <div id='content'>
⋮
1261-byte body
""")
